<?xml version="1.0" encoding="UTF-8"?>
<!-- Generated by org.testng.reporters.JUnitReportReporter -->
<testsuite hostname="LAPTOP-3BML8FHO" failures="0" tests="4" name="test.TestNewRegestration" time="86.334" errors="0" timestamp="2025-09-28T16:56:18 IST" skipped="0">
  <testcase classname="test.TestNewRegestration" name="NewRegestration" time="19.145"/>
  <system-out/>
  <testcase classname="test.TestNewRegestration" name="leaveMandetoryFieldsBlank" time="43.344"/>
  <system-out/>
  <testcase classname="test.TestNewRegestration" name="signupwithout_TC_Check" time="13.085"/>
  <system-out/>
  <testcase classname="test.TestNewRegestration" name="signupwithWeakPassword" time="10.760"/>
  <system-out/>
</testsuite> <!-- test.TestNewRegestration -->
